2025-04-11 09:37:53,429 - INFO - Сгенерирован список из 5000 элементов
2025-04-11 09:37:53,429 - INFO - Используется 15 из 15 доступных процессов
2025-04-11 09:37:53,525 - INFO - Запущен Процесс-1-most_common
2025-04-11 09:37:53,630 - INFO - Запущен Процесс-2-least_common
2025-04-11 09:37:53,649 - INFO - Результаты сохранены в result_most_common.json
2025-04-11 09:37:53,649 - INFO - Задача 'Наиболее частый элемент' завершена. Результат: (83, 68)
2025-04-11 09:37:53,735 - INFO - Результаты сохранены в result_least_common.json
2025-04-11 09:37:53,736 - INFO - Задача 'Наименее частый элемент' завершена. Результат: (48, 30)
2025-04-11 09:37:53,763 - INFO - Запущен Процесс-3-sum
2025-04-11 09:37:53,856 - INFO - Результаты сохранены в result_sum.json
2025-04-11 09:37:53,857 - INFO - Задача 'Сумма элементов' завершена. Результат: 254673
2025-04-11 09:37:53,866 - INFO - Запущен Процесс-4-average
2025-04-11 09:37:53,957 - INFO - Результаты сохранены в result_average.json
2025-04-11 09:37:53,958 - INFO - Задача 'Среднее арифметическое' завершена. Результат: 50.9346
2025-04-11 09:37:53,968 - INFO - Запущен Процесс-5-median
2025-04-11 09:37:54,065 - INFO - Результаты сохранены в result_median.json
2025-04-11 09:37:54,065 - INFO - Задача 'Медиана' завершена. Результат: 51.0
2025-04-11 09:37:54,074 - INFO - Запущен Процесс-6-most_common
2025-04-11 09:37:54,171 - INFO - Результаты сохранены в result_most_common.json
2025-04-11 09:37:54,172 - INFO - Задача 'Наиболее частый элемент' завершена. Результат: (83, 68)
2025-04-11 09:37:54,181 - INFO - Запущен Процесс-7-least_common
2025-04-11 09:37:54,287 - INFO - Результаты сохранены в result_least_common.json
2025-04-11 09:37:54,288 - INFO - Задача 'Наименее частый элемент' завершена. Результат: (48, 30)
2025-04-11 09:37:54,295 - INFO - Запущен Процесс-8-sum
2025-04-11 09:37:54,395 - INFO - Результаты сохранены в result_sum.json
2025-04-11 09:37:54,395 - INFO - Задача 'Сумма элементов' завершена. Результат: 254673
2025-04-11 09:37:54,403 - INFO - Запущен Процесс-9-average
2025-04-11 09:37:54,502 - INFO - Результаты сохранены в result_average.json
2025-04-11 09:37:54,503 - INFO - Задача 'Среднее арифметическое' завершена. Результат: 50.9346
2025-04-11 09:37:54,513 - INFO - Запущен Процесс-10-median
2025-04-11 09:37:54,607 - INFO - Результаты сохранены в result_median.json
2025-04-11 09:37:54,608 - INFO - Задача 'Медиана' завершена. Результат: 51.0
2025-04-11 09:37:54,617 - INFO - Запущен Процесс-11-most_common
2025-04-11 09:37:54,723 - INFO - Результаты сохранены в result_most_common.json
2025-04-11 09:37:54,724 - INFO - Задача 'Наиболее частый элемент' завершена. Результат: (83, 68)
2025-04-11 09:37:54,733 - INFO - Запущен Процесс-12-least_common
2025-04-11 09:37:54,840 - INFO - Результаты сохранены в result_least_common.json
2025-04-11 09:37:54,842 - INFO - Задача 'Наименее частый элемент' завершена. Результат: (48, 30)
2025-04-11 09:37:54,850 - INFO - Запущен Процесс-13-sum
2025-04-11 09:37:54,968 - INFO - Результаты сохранены в result_sum.json
2025-04-11 09:37:54,970 - INFO - Задача 'Сумма элементов' завершена. Результат: 254673
2025-04-11 09:37:54,981 - INFO - Запущен Процесс-14-average
2025-04-11 09:37:55,083 - INFO - Результаты сохранены в result_average.json
2025-04-11 09:37:55,084 - INFO - Задача 'Среднее арифметическое' завершена. Результат: 50.9346
2025-04-11 09:37:55,088 - INFO - Запущен Процесс-15-median
2025-04-11 09:37:55,178 - INFO - Результаты сохранены в result_median.json
2025-04-11 09:37:55,180 - INFO - Задача 'Медиана' завершена. Результат: 51.0
2025-04-11 09:37:55,199 - INFO - Все задачи выполнены
2025-04-11 09:37:55,202 - INFO - Результаты сохранены в final_results.json
2025-04-11 09:37:55,204 - INFO - Анализ завершен. Все результаты сохранены
2025-04-11 09:38:51,190 - INFO - Сгенерирован список из 5000 элементов
2025-04-11 09:38:51,190 - INFO - Используется 7 из 15 доступных процессов
2025-04-11 09:38:51,287 - INFO - Запущен Процесс-1-most_common
2025-04-11 09:38:51,385 - INFO - Результаты сохранены в result_most_common.json
2025-04-11 09:38:51,386 - INFO - Задача 'Наиболее частый элемент' завершена. Результат: (71, 67)
2025-04-11 09:38:51,395 - INFO - Запущен Процесс-2-least_common
2025-04-11 09:38:51,489 - INFO - Результаты сохранены в result_least_common.json
2025-04-11 09:38:51,490 - INFO - Задача 'Наименее частый элемент' завершена. Результат: (53, 31)
2025-04-11 09:38:51,498 - INFO - Запущен Процесс-3-sum
2025-04-11 09:38:51,593 - INFO - Результаты сохранены в result_sum.json
2025-04-11 09:38:51,593 - INFO - Задача 'Сумма элементов' завершена. Результат: 253785
2025-04-11 09:38:51,601 - INFO - Запущен Процесс-4-average
2025-04-11 09:38:51,700 - INFO - Результаты сохранены в result_average.json
2025-04-11 09:38:51,700 - INFO - Задача 'Среднее арифметическое' завершена. Результат: 50.757
2025-04-11 09:38:51,708 - INFO - Запущен Процесс-5-median
2025-04-11 09:38:51,798 - INFO - Результаты сохранены в result_median.json
2025-04-11 09:38:51,799 - INFO - Задача 'Медиана' завершена. Результат: 51.0
2025-04-11 09:38:51,813 - INFO - Запущен Процесс-6-most_common
2025-04-11 09:38:51,907 - INFO - Результаты сохранены в result_most_common.json
2025-04-11 09:38:51,908 - INFO - Задача 'Наиболее частый элемент' завершена. Результат: (71, 67)
2025-04-11 09:38:51,914 - INFO - Запущен Процесс-7-least_common
2025-04-11 09:38:51,999 - INFO - Результаты сохранены в result_least_common.json
2025-04-11 09:38:52,000 - INFO - Задача 'Наименее частый элемент' завершена. Результат: (53, 31)
2025-04-11 09:38:52,018 - INFO - Все задачи выполнены
2025-04-11 09:38:52,019 - INFO - Результаты сохранены в final_results.json
2025-04-11 09:38:52,020 - INFO - Анализ завершен. Все результаты сохранены
2025-04-11 09:41:58,110 - INFO - Сгенерирован список из 5000 элементов
2025-04-11 09:41:58,111 - INFO - Используется 5 из 15 доступных процессов
2025-04-11 09:41:58,204 - INFO - Запущен Процесс-1-most_common
2025-04-11 09:41:58,301 - INFO - Результаты сохранены в result_most_common.json
2025-04-11 09:41:58,302 - INFO - Задача 'Наиболее частый элемент' завершена. Результат: (25, 68)
2025-04-11 09:41:58,313 - INFO - Запущен Процесс-2-least_common
2025-04-11 09:41:58,413 - INFO - Результаты сохранены в result_least_common.json
2025-04-11 09:41:58,414 - INFO - Задача 'Наименее частый элемент' завершена. Результат: (11, 33)
2025-04-11 09:41:58,425 - INFO - Запущен Процесс-3-sum
2025-04-11 09:41:58,526 - INFO - Результаты сохранены в result_sum.json
2025-04-11 09:41:58,527 - INFO - Задача 'Сумма элементов' завершена. Результат: 254027
2025-04-11 09:41:58,533 - INFO - Запущен Процесс-4-average
2025-04-11 09:41:58,632 - INFO - Результаты сохранены в result_average.json
2025-04-11 09:41:58,633 - INFO - Задача 'Среднее арифметическое' завершена. Результат: 50.8054
2025-04-11 09:41:58,641 - INFO - Запущен Процесс-5-median
2025-04-11 09:41:58,735 - INFO - Результаты сохранены в result_median.json
2025-04-11 09:41:58,736 - INFO - Задача 'Медиана' завершена. Результат: 51.0
2025-04-11 09:41:58,754 - INFO - Все задачи выполнены
2025-04-11 09:41:58,756 - INFO - Анализ завершен. Все результаты сохранены
2025-04-11 09:41:58,757 - INFO - Результаты сохранены в final_results.json
